<?xml version="1.0" encoding="UTF-8"?>
<testng-results skipped="0" failed="0" ignored="0" total="2" passed="2">
  <reporter-output>
  </reporter-output>
  <suite name="Surefire suite" duration-ms="18866" started-at="2021-01-06T05:51:53Z" finished-at="2021-01-06T05:52:12Z">
    <groups>
    </groups>
    <test name="Surefire test" duration-ms="18866" started-at="2021-01-06T05:51:53Z" finished-at="2021-01-06T05:52:12Z">
      <class name="org.rahulshettyacademy.DemoTest">
        <test-method status="PASS" signature="setup()[pri:0, instance:org.rahulshettyacademy.DemoTest@64616ca2]" name="setup" is-config="true" duration-ms="6068" started-at="2021-01-06T05:51:53Z" finished-at="2021-01-06T05:51:59Z">
          <reporter-output>
          </reporter-output>
        </test-method> <!-- setup -->
        <test-method status="PASS" signature="flightTest(java.util.HashMap)[pri:0, instance:org.rahulshettyacademy.DemoTest@64616ca2]" name="flightTest" duration-ms="7151" started-at="2021-01-06T05:52:00Z" data-provider="getData" finished-at="2021-01-06T05:52:07Z">
          <params>
            <param index="0">
              <value>
                <![CDATA[{destination=HYD, destination2=DEL, origin=MAA}]]>
              </value>
            </param>
          </params>
          <reporter-output>
          </reporter-output>
        </test-method> <!-- flightTest -->
        <test-method status="PASS" signature="flightTest(java.util.HashMap)[pri:0, instance:org.rahulshettyacademy.DemoTest@64616ca2]" name="flightTest" duration-ms="4497" started-at="2021-01-06T05:52:07Z" data-provider="getData" finished-at="2021-01-06T05:52:11Z">
          <params>
            <param index="0">
              <value>
                <![CDATA[{destination=HYD, destination2=MAA, origin=DEL}]]>
              </value>
            </param>
          </params>
          <reporter-output>
          </reporter-output>
        </test-method> <!-- flightTest -->
        <test-method status="PASS" signature="tearDown()[pri:0, instance:org.rahulshettyacademy.DemoTest@64616ca2]" name="tearDown" is-config="true" duration-ms="808" started-at="2021-01-06T05:52:11Z" finished-at="2021-01-06T05:52:12Z">
          <reporter-output>
          </reporter-output>
        </test-method> <!-- tearDown -->
      </class> <!-- org.rahulshettyacademy.DemoTest -->
    </test> <!-- Surefire test -->
  </suite> <!-- Surefire suite -->
</testng-results>
