<?xml version="1.0" encoding="UTF-8"?>
<!-- Generated by org.testng.reporters.JUnitReportReporter -->
<testsuite skipped="0" hostname="DESKTOP-FV0I4VU" name="org.rahulshettyacademy.DemoTest" tests="2" failures="0" timestamp="06 Jan 2021 05:52:12 GMT" time="11.648" errors="0">
  <testcase name="flightTest" time="7.151" classname="org.rahulshettyacademy.DemoTest"/>
  <testcase name="flightTest" time="4.497" classname="org.rahulshettyacademy.DemoTest"/>
</testsuite> <!-- org.rahulshettyacademy.DemoTest -->
